[debug] [2020-02-17T19:59:03.386Z] ----------------------------------------------------------------------
[debug] [2020-02-17T19:59:03.394Z] Command:       C:\Program Files\nodejs\node.exe C:\Users\Ismail\AppData\Roaming\npm\node_modules\firebase-tools\lib\bin\firebase.js deploy
[debug] [2020-02-17T19:59:03.395Z] CLI Version:   7.13.0
[debug] [2020-02-17T19:59:03.395Z] Platform:      win32
[debug] [2020-02-17T19:59:03.395Z] Node Version:  v12.14.0
[debug] [2020-02-17T19:59:03.399Z] Time:          Tue Feb 18 2020 00:59:03 GMT+0500 (Pakistan Standard Time)
[debug] [2020-02-17T19:59:03.399Z] ----------------------------------------------------------------------
[debug] [2020-02-17T19:59:03.399Z] 
[debug] [2020-02-17T19:59:03.476Z] > command requires scopes: ["email","openid","https://www.googleapis.com/auth/cloudplatformprojects.readonly","https://www.googleapis.com/auth/firebase","https://www.googleapis.com/auth/cloud-platform"]
[debug] [2020-02-17T19:59:03.479Z] > authorizing via signed-in user
[debug] [2020-02-17T19:59:03.480Z] [iam] checking project epic-dl for permissions ["firebase.projects.get","firebasehosting.sites.update"]
[debug] [2020-02-17T19:59:03.488Z] >>> HTTP REQUEST POST https://cloudresourcemanager.googleapis.com/v1/projects/epic-dl:testIamPermissions  

[debug] [2020-02-17T19:59:05.287Z] <<< HTTP RESPONSE 200
[debug] [2020-02-17T19:59:05.295Z] >>> HTTP REQUEST GET https://firebase.googleapis.com/v1beta1/projects/epic-dl  
 
[debug] [2020-02-17T19:59:05.816Z] <<< HTTP RESPONSE 200
[info] 
[info] === Deploying to 'epic-dl'...
[info] 
[info] i  deploying hosting
[debug] [2020-02-17T19:59:05.840Z] >>> HTTP REQUEST POST https://firebasehosting.googleapis.com/v1beta1/sites/epic-dl/versions  

[debug] [2020-02-17T19:59:08.833Z] <<< HTTP RESPONSE 200
[info] i  hosting[epic-dl]: beginning deploy...
[info] i  hosting[epic-dl]: found 27 files in build
[debug] [2020-02-17T19:59:08.893Z] [hosting] hash cache [YnVpbGQ] not populated
[debug] [2020-02-17T19:59:11.015Z] [hosting] hash cache [YnVpbGQ] stored for 27 files
[debug] [2020-02-17T19:59:11.016Z] [hosting][hash queue][FINAL]
[debug] [2020-02-17T19:59:11.016Z] >>> HTTP REQUEST POST https://firebasehosting.googleapis.com/v1beta1/sites/epic-dl/versions/10e8a790f734e9e8:populateFiles  
 <request body omitted>
[debug] [2020-02-17T19:59:12.814Z] <<< HTTP RESPONSE 200
[debug] [2020-02-17T19:59:12.877Z] [hosting][populate queue][FINAL]
[debug] [2020-02-17T19:59:12.878Z] [hosting] uploads queued: 26
[debug] [2020-02-17T19:59:16.762Z] [hosting][upload queue][FINAL]
[info] +  hosting[epic-dl]: file upload complete
[debug] [2020-02-17T19:59:16.767Z] [hosting] deploy completed after 7927ms
[debug] [2020-02-17T19:59:17.147Z] [
  {
    "config": {
      "public": "build",
      "ignore": [
        "firebase.json",
        "**/.*",
        "**/node_modules/**"
      ],
      "rewrites": [
        {
          "source": "**",
          "destination": "/index.html"
        }
      ],
      "site": "epic-dl"
    },
    "site": "epic-dl",
    "version": "sites/epic-dl/versions/10e8a790f734e9e8"
  }
]
[info] i  hosting[epic-dl]: finalizing version...
[debug] [2020-02-17T19:59:17.152Z] >>> HTTP REQUEST PATCH https://firebasehosting.googleapis.com/v1beta1/sites/epic-dl/versions/10e8a790f734e9e8?updateMask=status  

[debug] [2020-02-17T19:59:18.880Z] <<< HTTP RESPONSE 200
[debug] [2020-02-17T19:59:18.881Z] [hosting] finalized version for epic-dl:
[info] +  hosting[epic-dl]: version finalized
[info] i  hosting[epic-dl]: releasing new version...
[debug] [2020-02-17T19:59:18.890Z] >>> HTTP REQUEST POST https://firebasehosting.googleapis.com/v1beta1/sites/epic-dl/releases?version_name=sites/epic-dl/versions/10e8a790f734e9e8  

[debug] [2020-02-17T19:59:20.553Z] <<< HTTP RESPONSE 200
[debug] [2020-02-17T19:59:20.554Z] [hosting] release:
[info] +  hosting[epic-dl]: release complete
[info] 
[info] +  Deploy complete!
[info] 
[info] Project Console: https://console.firebase.google.com/project/epic-dl/overview
[info] Hosting URL: https://epic-dl.firebaseapp.com
